<?xml version="1.0" encoding="UTF-8"?>
<testsuite name="com.worldlink.ruleseditor.RoundTripTest" tests="1" skipped="0" failures="0" errors="0" timestamp="2025-09-27T18:02:43" hostname="devin-box" time="1.097">
  <properties/>
  <testcase name="testRoundTrip()" classname="com.worldlink.ruleseditor.RoundTripTest" time="1.097"/>
  <system-out><![CDATA[18:02:41.272 [Test worker] INFO org.springframework.test.context.support.AnnotationConfigContextLoaderUtils -- Could not detect default configuration classes for test class [com.worldlink.ruleseditor.RoundTripTest]: RoundTripTest does not declare any static, non-private, non-final, nested classes annotated with @Configuration.
18:02:41.344 [Test worker] INFO org.springframework.boot.test.context.SpringBootTestContextBootstrapper -- Found @SpringBootConfiguration com.worldlink.ruleseditor.RulesEditorApplication for test class com.worldlink.ruleseditor.RoundTripTest

  .   ____          _            __ _ _
 /\\ / ___'_ __ _ _(_)_ __  __ _ \ \ \ \
( ( )\___ | '_ | '_| | '_ \/ _` | \ \ \ \
 \\/  ___)| |_)| | | | | || (_| |  ) ) ) )
  '  |____| .__|_| |_|_| |_\__, | / / / /
 =========|_|==============|___/=/_/_/_/
 :: Spring Boot ::                (v3.2.0)

2025-09-27T18:02:41.651Z  INFO 17369 --- [    Test worker] c.worldlink.ruleseditor.RoundTripTest    : Starting RoundTripTest using Java 17.0.13 with PID 17369 (started by ubuntu in /home/ubuntu/repos/drools-rules-lite/apps/backend)
2025-09-27T18:02:41.653Z  INFO 17369 --- [    Test worker] c.worldlink.ruleseditor.RoundTripTest    : No active profile set, falling back to 1 default profile: "default"
2025-09-27T18:02:42.915Z  INFO 17369 --- [    Test worker] o.s.b.a.e.web.EndpointLinksResolver      : Exposing 2 endpoint(s) beneath base path '/actuator'
2025-09-27T18:02:42.958Z  INFO 17369 --- [    Test worker] c.worldlink.ruleseditor.RoundTripTest    : Started RoundTripTest in 1.519 seconds (process running for 2.315)
2025-09-27T18:02:43.003Z  INFO 17369 --- [    Test worker] c.w.ruleseditor.RulesEditorApplication   : Rules file path configured: /home/ubuntu/repos/drools-rules-lite/apps/backend/rules/DiscountRules.xlsx
2025-09-27T18:02:43.004Z  INFO 17369 --- [    Test worker] c.w.ruleseditor.RulesEditorApplication   : Swagger UI available at: http://localhost:8080/swagger-ui.html
]]></system-out>
  <system-err><![CDATA[]]></system-err>
</testsuite>
